{"/home/carlos/Documentos/projetoMae/backend/src/app/app.js": {"path":"/home/carlos/Documentos/projetoMae/backend/src/app/app.js","statementMap":{"0":{"start":{"line":1,"column":0},"end":{"line":3,"column":3}},"1":{"start":{"line":4,"column":16},"end":{"line":4,"column":34}},"2":{"start":{"line":5,"column":13},"end":{"line":5,"column":28}},"3":{"start":{"line":6,"column":13},"end":{"line":6,"column":28}},"4":{"start":{"line":7,"column":15},"end":{"line":7,"column":34}},"5":{"start":{"line":9,"column":12},"end":{"line":9,"column":21}},"6":{"start":{"line":11,"column":0},"end":{"line":11,"column":16}},"7":{"start":{"line":12,"column":0},"end":{"line":12,"column":24}},"8":{"start":{"line":13,"column":0},"end":{"line":13,"column":79}},"9":{"start":{"line":14,"column":0},"end":{"line":14,"column":16}},"10":{"start":{"line":16,"column":0},"end":{"line":16,"column":21}}},"fnMap":{},"branchMap":{"0":{"loc":{"start":{"line":2,"column":10},"end":{"line":2,"column":60}},"type":"cond-expr","locations":[{"start":{"line":2,"column":42},"end":{"line":2,"column":53}},{"start":{"line":2,"column":54},"end":{"line":2,"column":60}}],"line":2}},"s":{"0":1,"1":1,"2":1,"3":1,"4":1,"5":1,"6":1,"7":1,"8":1,"9":1,"10":1},"f":{},"b":{"0":[1,0]},"_coverageSchema":"1a1c01bbd47fc00a2c39e90264f33305004495a9","hash":"a58b3ef8c153be10d0f00cd865029f10dffbf3c3"}
,"/home/carlos/Documentos/projetoMae/backend/src/app/routes.js": {"path":"/home/carlos/Documentos/projetoMae/backend/src/app/routes.js","statementMap":{"0":{"start":{"line":1,"column":16},"end":{"line":1,"column":34}},"1":{"start":{"line":2,"column":15},"end":{"line":2,"column":32}},"2":{"start":{"line":3,"column":21},"end":{"line":3,"column":48}},"3":{"start":{"line":5,"column":15},"end":{"line":5,"column":31}},"4":{"start":{"line":6,"column":15},"end":{"line":6,"column":35}},"5":{"start":{"line":8,"column":26},"end":{"line":8,"column":68}},"6":{"start":{"line":9,"column":33},"end":{"line":9,"column":82}},"7":{"start":{"line":10,"column":31},"end":{"line":10,"column":78}},"8":{"start":{"line":11,"column":29},"end":{"line":11,"column":74}},"9":{"start":{"line":12,"column":23},"end":{"line":12,"column":62}},"10":{"start":{"line":13,"column":24},"end":{"line":13,"column":64}},"11":{"start":{"line":15,"column":0},"end":{"line":15,"column":43}},"12":{"start":{"line":16,"column":0},"end":{"line":16,"column":43}},"13":{"start":{"line":17,"column":0},"end":{"line":17,"column":55}},"14":{"start":{"line":19,"column":0},"end":{"line":19,"column":45}},"15":{"start":{"line":20,"column":0},"end":{"line":20,"column":45}},"16":{"start":{"line":21,"column":0},"end":{"line":21,"column":58}},"17":{"start":{"line":23,"column":0},"end":{"line":23,"column":49}},"18":{"start":{"line":24,"column":0},"end":{"line":24,"column":49}},"19":{"start":{"line":25,"column":0},"end":{"line":25,"column":61}},"20":{"start":{"line":27,"column":0},"end":{"line":27,"column":99}},"21":{"start":{"line":28,"column":0},"end":{"line":28,"column":77}},"22":{"start":{"line":29,"column":0},"end":{"line":29,"column":88}},"23":{"start":{"line":31,"column":0},"end":{"line":31,"column":62}},"24":{"start":{"line":33,"column":0},"end":{"line":33,"column":87}},"25":{"start":{"line":34,"column":0},"end":{"line":34,"column":87}},"26":{"start":{"line":35,"column":0},"end":{"line":35,"column":96}},"27":{"start":{"line":38,"column":0},"end":{"line":38,"column":24}}},"fnMap":{},"branchMap":{},"s":{"0":1,"1":1,"2":1,"3":1,"4":1,"5":1,"6":1,"7":1,"8":1,"9":1,"10":1,"11":1,"12":1,"13":1,"14":1,"15":1,"16":1,"17":1,"18":1,"19":1,"20":1,"21":1,"22":1,"23":1,"24":1,"25":1,"26":1,"27":1},"f":{},"b":{},"_coverageSchema":"1a1c01bbd47fc00a2c39e90264f33305004495a9","hash":"be1aa442f961c48584f9d78c2b39cd6656ce77b1"}
,"/home/carlos/Documentos/projetoMae/backend/src/app/controllers/AllVarietyController.js": {"path":"/home/carlos/Documentos/projetoMae/backend/src/app/controllers/AllVarietyController.js","statementMap":{"0":{"start":{"line":1,"column":39},"end":{"line":1,"column":59}},"1":{"start":{"line":3,"column":0},"end":{"line":21,"column":2}},"2":{"start":{"line":7,"column":22},"end":{"line":15,"column":10}},"3":{"start":{"line":17,"column":8},"end":{"line":17,"column":33}}},"fnMap":{"0":{"name":"(anonymous_0)","decl":{"start":{"line":5,"column":4},"end":{"line":5,"column":5}},"loc":{"start":{"line":5,"column":24},"end":{"line":18,"column":5}},"line":5}},"branchMap":{},"s":{"0":1,"1":1,"2":1,"3":1},"f":{"0":1},"b":{},"_coverageSchema":"1a1c01bbd47fc00a2c39e90264f33305004495a9","hash":"382de62dd492697d26b6c08c05539e7725a6a98e"}
,"/home/carlos/Documentos/projetoMae/backend/src/app/controllers/ColorController.js": {"path":"/home/carlos/Documentos/projetoMae/backend/src/app/controllers/ColorController.js","statementMap":{"0":{"start":{"line":1,"column":16},"end":{"line":1,"column":36}},"1":{"start":{"line":3,"column":0},"end":{"line":34,"column":2}},"2":{"start":{"line":7,"column":23},"end":{"line":7,"column":44}},"3":{"start":{"line":9,"column":8},"end":{"line":9,"column":31}},"4":{"start":{"line":13,"column":27},"end":{"line":13,"column":35}},"5":{"start":{"line":14,"column":22},"end":{"line":17,"column":10}},"6":{"start":{"line":19,"column":8},"end":{"line":19,"column":31}},"7":{"start":{"line":23,"column":27},"end":{"line":23,"column":37}},"8":{"start":{"line":25,"column":8},"end":{"line":29,"column":11}},"9":{"start":{"line":31,"column":8},"end":{"line":31,"column":37}}},"fnMap":{"0":{"name":"(anonymous_0)","decl":{"start":{"line":6,"column":4},"end":{"line":6,"column":5}},"loc":{"start":{"line":6,"column":24},"end":{"line":10,"column":5}},"line":6},"1":{"name":"(anonymous_1)","decl":{"start":{"line":12,"column":4},"end":{"line":12,"column":5}},"loc":{"start":{"line":12,"column":24},"end":{"line":20,"column":5}},"line":12},"2":{"name":"(anonymous_2)","decl":{"start":{"line":22,"column":4},"end":{"line":22,"column":5}},"loc":{"start":{"line":22,"column":25},"end":{"line":32,"column":5}},"line":22}},"branchMap":{},"s":{"0":1,"1":1,"2":1,"3":1,"4":1,"5":1,"6":1,"7":1,"8":1,"9":1},"f":{"0":1,"1":1,"2":1},"b":{},"_coverageSchema":"1a1c01bbd47fc00a2c39e90264f33305004495a9","hash":"a97c53f37e2e648cf41c65fdd60aed31836fe617"}
,"/home/carlos/Documentos/projetoMae/backend/src/app/controllers/ProductController.js": {"path":"/home/carlos/Documentos/projetoMae/backend/src/app/controllers/ProductController.js","statementMap":{"0":{"start":{"line":1,"column":18},"end":{"line":1,"column":38}},"1":{"start":{"line":3,"column":0},"end":{"line":49,"column":2}},"2":{"start":{"line":7,"column":25},"end":{"line":7,"column":48}},"3":{"start":{"line":9,"column":8},"end":{"line":9,"column":33}},"4":{"start":{"line":13,"column":29},"end":{"line":13,"column":39}},"5":{"start":{"line":14,"column":24},"end":{"line":14,"column":58}},"6":{"start":{"line":16,"column":8},"end":{"line":16,"column":34}},"7":{"start":{"line":20,"column":43},"end":{"line":20,"column":51}},"8":{"start":{"line":21,"column":24},"end":{"line":25,"column":10}},"9":{"start":{"line":27,"column":8},"end":{"line":27,"column":33}},"10":{"start":{"line":31,"column":29},"end":{"line":31,"column":39}},"11":{"start":{"line":32,"column":43},"end":{"line":32,"column":51}},"12":{"start":{"line":34,"column":8},"end":{"line":42,"column":11}},"13":{"start":{"line":44,"column":24},"end":{"line":44,"column":58}},"14":{"start":{"line":46,"column":8},"end":{"line":46,"column":33}}},"fnMap":{"0":{"name":"(anonymous_0)","decl":{"start":{"line":6,"column":4},"end":{"line":6,"column":5}},"loc":{"start":{"line":6,"column":24},"end":{"line":10,"column":5}},"line":6},"1":{"name":"(anonymous_1)","decl":{"start":{"line":12,"column":4},"end":{"line":12,"column":5}},"loc":{"start":{"line":12,"column":23},"end":{"line":17,"column":5}},"line":12},"2":{"name":"(anonymous_2)","decl":{"start":{"line":19,"column":4},"end":{"line":19,"column":5}},"loc":{"start":{"line":19,"column":24},"end":{"line":28,"column":5}},"line":19},"3":{"name":"(anonymous_3)","decl":{"start":{"line":30,"column":4},"end":{"line":30,"column":5}},"loc":{"start":{"line":30,"column":25},"end":{"line":47,"column":5}},"line":30}},"branchMap":{},"s":{"0":1,"1":1,"2":1,"3":1,"4":0,"5":0,"6":0,"7":1,"8":1,"9":1,"10":1,"11":1,"12":1,"13":1,"14":1},"f":{"0":1,"1":0,"2":1,"3":1},"b":{},"_coverageSchema":"1a1c01bbd47fc00a2c39e90264f33305004495a9","hash":"0842b05054dc1076d61117fcca8f2f6f5719d131"}
,"/home/carlos/Documentos/projetoMae/backend/src/app/controllers/SizeQuantityController.js": {"path":"/home/carlos/Documentos/projetoMae/backend/src/app/controllers/SizeQuantityController.js","statementMap":{"0":{"start":{"line":1,"column":38},"end":{"line":1,"column":58}},"1":{"start":{"line":3,"column":0},"end":{"line":52,"column":2}},"2":{"start":{"line":6,"column":37},"end":{"line":6,"column":47}},"3":{"start":{"line":8,"column":20},"end":{"line":16,"column":10}},"4":{"start":{"line":18,"column":8},"end":{"line":18,"column":31}},"5":{"start":{"line":22,"column":32},"end":{"line":22,"column":40}},"6":{"start":{"line":23,"column":37},"end":{"line":23,"column":47}},"7":{"start":{"line":24,"column":24},"end":{"line":28,"column":10}},"8":{"start":{"line":30,"column":8},"end":{"line":30,"column":33}},"9":{"start":{"line":34,"column":26},"end":{"line":34,"column":36}},"10":{"start":{"line":35,"column":32},"end":{"line":35,"column":40}},"11":{"start":{"line":37,"column":8},"end":{"line":44,"column":11}},"12":{"start":{"line":46,"column":29},"end":{"line":46,"column":65}},"13":{"start":{"line":48,"column":8},"end":{"line":48,"column":38}}},"fnMap":{"0":{"name":"(anonymous_0)","decl":{"start":{"line":5,"column":4},"end":{"line":5,"column":5}},"loc":{"start":{"line":5,"column":24},"end":{"line":19,"column":5}},"line":5},"1":{"name":"(anonymous_1)","decl":{"start":{"line":21,"column":4},"end":{"line":21,"column":5}},"loc":{"start":{"line":21,"column":24},"end":{"line":31,"column":5}},"line":21},"2":{"name":"(anonymous_2)","decl":{"start":{"line":33,"column":4},"end":{"line":33,"column":5}},"loc":{"start":{"line":33,"column":25},"end":{"line":49,"column":5}},"line":33}},"branchMap":{},"s":{"0":1,"1":1,"2":1,"3":1,"4":1,"5":1,"6":1,"7":1,"8":1,"9":1,"10":1,"11":1,"12":1,"13":1},"f":{"0":1,"1":1,"2":1},"b":{},"_coverageSchema":"1a1c01bbd47fc00a2c39e90264f33305004495a9","hash":"ac55caf7433f823fc5aa4f7e06a593ed9e2d29d4"}
,"/home/carlos/Documentos/projetoMae/backend/src/app/controllers/TypeController.js": {"path":"/home/carlos/Documentos/projetoMae/backend/src/app/controllers/TypeController.js","statementMap":{"0":{"start":{"line":1,"column":15},"end":{"line":1,"column":35}},"1":{"start":{"line":3,"column":0},"end":{"line":33,"column":2}},"2":{"start":{"line":7,"column":22},"end":{"line":7,"column":42}},"3":{"start":{"line":9,"column":8},"end":{"line":9,"column":30}},"4":{"start":{"line":13,"column":23},"end":{"line":13,"column":31}},"5":{"start":{"line":14,"column":21},"end":{"line":16,"column":10}},"6":{"start":{"line":18,"column":8},"end":{"line":18,"column":30}},"7":{"start":{"line":22,"column":26},"end":{"line":22,"column":36}},"8":{"start":{"line":24,"column":8},"end":{"line":28,"column":11}},"9":{"start":{"line":30,"column":8},"end":{"line":30,"column":37}}},"fnMap":{"0":{"name":"(anonymous_0)","decl":{"start":{"line":6,"column":4},"end":{"line":6,"column":5}},"loc":{"start":{"line":6,"column":24},"end":{"line":10,"column":5}},"line":6},"1":{"name":"(anonymous_1)","decl":{"start":{"line":12,"column":4},"end":{"line":12,"column":5}},"loc":{"start":{"line":12,"column":24},"end":{"line":19,"column":5}},"line":12},"2":{"name":"(anonymous_2)","decl":{"start":{"line":21,"column":4},"end":{"line":21,"column":5}},"loc":{"start":{"line":21,"column":25},"end":{"line":31,"column":5}},"line":21}},"branchMap":{},"s":{"0":1,"1":1,"2":1,"3":1,"4":1,"5":1,"6":1,"7":1,"8":1,"9":1},"f":{"0":1,"1":1,"2":1},"b":{},"_coverageSchema":"1a1c01bbd47fc00a2c39e90264f33305004495a9","hash":"38e2ddd9afb09a815b865ef0d48a75863f2a2ac5"}
,"/home/carlos/Documentos/projetoMae/backend/src/app/controllers/VarietyProductController.js": {"path":"/home/carlos/Documentos/projetoMae/backend/src/app/controllers/VarietyProductController.js","statementMap":{"0":{"start":{"line":1,"column":39},"end":{"line":1,"column":59}},"1":{"start":{"line":3,"column":0},"end":{"line":58,"column":2}},"2":{"start":{"line":6,"column":29},"end":{"line":6,"column":39}},"3":{"start":{"line":8,"column":22},"end":{"line":19,"column":10}},"4":{"start":{"line":21,"column":8},"end":{"line":21,"column":33}},"5":{"start":{"line":25,"column":39},"end":{"line":25,"column":47}},"6":{"start":{"line":26,"column":27},"end":{"line":26,"column":35}},"7":{"start":{"line":27,"column":29},"end":{"line":27,"column":39}},"8":{"start":{"line":28,"column":24},"end":{"line":34,"column":10}},"9":{"start":{"line":36,"column":8},"end":{"line":36,"column":33}},"10":{"start":{"line":40,"column":40},"end":{"line":40,"column":50}},"11":{"start":{"line":41,"column":39},"end":{"line":41,"column":47}},"12":{"start":{"line":43,"column":8},"end":{"line":51,"column":11}},"13":{"start":{"line":53,"column":24},"end":{"line":53,"column":65}},"14":{"start":{"line":55,"column":8},"end":{"line":55,"column":33}}},"fnMap":{"0":{"name":"(anonymous_0)","decl":{"start":{"line":5,"column":4},"end":{"line":5,"column":5}},"loc":{"start":{"line":5,"column":24},"end":{"line":22,"column":5}},"line":5},"1":{"name":"(anonymous_1)","decl":{"start":{"line":24,"column":4},"end":{"line":24,"column":5}},"loc":{"start":{"line":24,"column":24},"end":{"line":37,"column":5}},"line":24},"2":{"name":"(anonymous_2)","decl":{"start":{"line":39,"column":4},"end":{"line":39,"column":5}},"loc":{"start":{"line":39,"column":25},"end":{"line":56,"column":5}},"line":39}},"branchMap":{},"s":{"0":1,"1":1,"2":1,"3":1,"4":1,"5":1,"6":1,"7":1,"8":1,"9":1,"10":1,"11":1,"12":1,"13":1,"14":1},"f":{"0":1,"1":1,"2":1},"b":{},"_coverageSchema":"1a1c01bbd47fc00a2c39e90264f33305004495a9","hash":"a7508683e64a789253773cef9ccb7bf1aadce953"}
,"/home/carlos/Documentos/projetoMae/backend/src/app/models/Color.js": {"path":"/home/carlos/Documentos/projetoMae/backend/src/app/models/Color.js","statementMap":{"0":{"start":{"line":1,"column":0},"end":{"line":13,"column":2}},"1":{"start":{"line":3,"column":18},"end":{"line":6,"column":6}},"2":{"start":{"line":8,"column":4},"end":{"line":10,"column":6}},"3":{"start":{"line":9,"column":8},"end":{"line":9,"column":45}},"4":{"start":{"line":12,"column":4},"end":{"line":12,"column":17}}},"fnMap":{"0":{"name":"(anonymous_0)","decl":{"start":{"line":1,"column":16},"end":{"line":1,"column":17}},"loc":{"start":{"line":1,"column":39},"end":{"line":13,"column":1}},"line":1},"1":{"name":"(anonymous_1)","decl":{"start":{"line":8,"column":22},"end":{"line":8,"column":23}},"loc":{"start":{"line":8,"column":32},"end":{"line":10,"column":5}},"line":8}},"branchMap":{},"s":{"0":2,"1":2,"2":2,"3":2,"4":2},"f":{"0":2,"1":2},"b":{},"_coverageSchema":"1a1c01bbd47fc00a2c39e90264f33305004495a9","hash":"b5e0df70de8fbc479dd96b056d866e079d3de9ed"}
,"/home/carlos/Documentos/projetoMae/backend/src/app/models/Product.js": {"path":"/home/carlos/Documentos/projetoMae/backend/src/app/models/Product.js","statementMap":{"0":{"start":{"line":1,"column":0},"end":{"line":15,"column":2}},"1":{"start":{"line":3,"column":20},"end":{"line":7,"column":6}},"2":{"start":{"line":9,"column":4},"end":{"line":12,"column":6}},"3":{"start":{"line":10,"column":8},"end":{"line":10,"column":39}},"4":{"start":{"line":11,"column":8},"end":{"line":11,"column":47}},"5":{"start":{"line":14,"column":4},"end":{"line":14,"column":19}}},"fnMap":{"0":{"name":"(anonymous_0)","decl":{"start":{"line":1,"column":16},"end":{"line":1,"column":17}},"loc":{"start":{"line":1,"column":39},"end":{"line":15,"column":1}},"line":1},"1":{"name":"(anonymous_1)","decl":{"start":{"line":9,"column":24},"end":{"line":9,"column":25}},"loc":{"start":{"line":9,"column":34},"end":{"line":12,"column":5}},"line":9}},"branchMap":{},"s":{"0":2,"1":2,"2":2,"3":2,"4":2,"5":2},"f":{"0":2,"1":2},"b":{},"_coverageSchema":"1a1c01bbd47fc00a2c39e90264f33305004495a9","hash":"7dce9c4c4de7f384c760b394a6010ffe9e948dc7"}
,"/home/carlos/Documentos/projetoMae/backend/src/app/models/SizeQuantity.js": {"path":"/home/carlos/Documentos/projetoMae/backend/src/app/models/SizeQuantity.js","statementMap":{"0":{"start":{"line":1,"column":0},"end":{"line":13,"column":2}},"1":{"start":{"line":2,"column":25},"end":{"line":6,"column":6}},"2":{"start":{"line":8,"column":4},"end":{"line":10,"column":4}},"3":{"start":{"line":9,"column":6},"end":{"line":9,"column":52}},"4":{"start":{"line":12,"column":4},"end":{"line":12,"column":24}}},"fnMap":{"0":{"name":"(anonymous_0)","decl":{"start":{"line":1,"column":17},"end":{"line":1,"column":18}},"loc":{"start":{"line":1,"column":42},"end":{"line":13,"column":1}},"line":1},"1":{"name":"(anonymous_1)","decl":{"start":{"line":8,"column":29},"end":{"line":8,"column":30}},"loc":{"start":{"line":8,"column":39},"end":{"line":10,"column":3}},"line":8}},"branchMap":{},"s":{"0":2,"1":2,"2":2,"3":2,"4":2},"f":{"0":2,"1":2},"b":{},"_coverageSchema":"1a1c01bbd47fc00a2c39e90264f33305004495a9","hash":"13244d52b6e0fb8f85d23bd491a8c6eca8de8c8a"}
,"/home/carlos/Documentos/projetoMae/backend/src/app/models/Type.js": {"path":"/home/carlos/Documentos/projetoMae/backend/src/app/models/Type.js","statementMap":{"0":{"start":{"line":1,"column":0},"end":{"line":12,"column":2}},"1":{"start":{"line":3,"column":17},"end":{"line":5,"column":6}},"2":{"start":{"line":7,"column":4},"end":{"line":9,"column":6}},"3":{"start":{"line":8,"column":8},"end":{"line":8,"column":37}},"4":{"start":{"line":11,"column":4},"end":{"line":11,"column":16}}},"fnMap":{"0":{"name":"(anonymous_0)","decl":{"start":{"line":1,"column":16},"end":{"line":1,"column":17}},"loc":{"start":{"line":1,"column":39},"end":{"line":12,"column":1}},"line":1},"1":{"name":"(anonymous_1)","decl":{"start":{"line":7,"column":21},"end":{"line":7,"column":22}},"loc":{"start":{"line":7,"column":31},"end":{"line":9,"column":5}},"line":7}},"branchMap":{},"s":{"0":2,"1":2,"2":2,"3":2,"4":2},"f":{"0":2,"1":2},"b":{},"_coverageSchema":"1a1c01bbd47fc00a2c39e90264f33305004495a9","hash":"32d6c06a16a9867ebdcc7f601d23988593d28932"}
,"/home/carlos/Documentos/projetoMae/backend/src/app/models/VarietyProduct.js": {"path":"/home/carlos/Documentos/projetoMae/backend/src/app/models/VarietyProduct.js","statementMap":{"0":{"start":{"line":1,"column":0},"end":{"line":25,"column":2}},"1":{"start":{"line":3,"column":27},"end":{"line":16,"column":6}},"2":{"start":{"line":13,"column":14},"end":{"line":13,"column":79}},"3":{"start":{"line":18,"column":4},"end":{"line":22,"column":6}},"4":{"start":{"line":19,"column":8},"end":{"line":19,"column":49}},"5":{"start":{"line":20,"column":8},"end":{"line":20,"column":47}},"6":{"start":{"line":21,"column":8},"end":{"line":21,"column":52}},"7":{"start":{"line":24,"column":4},"end":{"line":24,"column":26}}},"fnMap":{"0":{"name":"(anonymous_0)","decl":{"start":{"line":1,"column":16},"end":{"line":1,"column":17}},"loc":{"start":{"line":1,"column":39},"end":{"line":25,"column":1}},"line":1},"1":{"name":"(anonymous_1)","decl":{"start":{"line":12,"column":12},"end":{"line":12,"column":13}},"loc":{"start":{"line":12,"column":19},"end":{"line":14,"column":13}},"line":12},"2":{"name":"(anonymous_2)","decl":{"start":{"line":18,"column":31},"end":{"line":18,"column":32}},"loc":{"start":{"line":18,"column":41},"end":{"line":22,"column":5}},"line":18}},"branchMap":{},"s":{"0":2,"1":2,"2":11,"3":2,"4":2,"5":2,"6":2,"7":2},"f":{"0":2,"1":11,"2":2},"b":{},"_coverageSchema":"1a1c01bbd47fc00a2c39e90264f33305004495a9","hash":"d4bfa68a3e18d3da3e7785711bb85ffc26fa54be"}
,"/home/carlos/Documentos/projetoMae/backend/src/app/models/index.js": {"path":"/home/carlos/Documentos/projetoMae/backend/src/app/models/index.js","statementMap":{"0":{"start":{"line":3,"column":11},"end":{"line":3,"column":24}},"1":{"start":{"line":4,"column":13},"end":{"line":4,"column":28}},"2":{"start":{"line":5,"column":18},"end":{"line":5,"column":38}},"3":{"start":{"line":6,"column":17},"end":{"line":6,"column":42}},"4":{"start":{"line":7,"column":15},"end":{"line":7,"column":47}},"5":{"start":{"line":8,"column":11},"end":{"line":8,"column":13}},"6":{"start":{"line":11,"column":20},"end":{"line":11,"column":92}},"7":{"start":{"line":13,"column":0},"end":{"line":21,"column":5}},"8":{"start":{"line":16,"column":4},"end":{"line":16,"column":90}},"9":{"start":{"line":19,"column":18},"end":{"line":19,"column":65}},"10":{"start":{"line":20,"column":4},"end":{"line":20,"column":27}},"11":{"start":{"line":23,"column":0},"end":{"line":27,"column":3}},"12":{"start":{"line":24,"column":2},"end":{"line":26,"column":3}},"13":{"start":{"line":25,"column":4},"end":{"line":25,"column":32}},"14":{"start":{"line":29,"column":0},"end":{"line":29,"column":25}},"15":{"start":{"line":30,"column":0},"end":{"line":30,"column":25}},"16":{"start":{"line":32,"column":0},"end":{"line":32,"column":20}}},"fnMap":{"0":{"name":"(anonymous_0)","decl":{"start":{"line":15,"column":10},"end":{"line":15,"column":11}},"loc":{"start":{"line":15,"column":18},"end":{"line":17,"column":3}},"line":15},"1":{"name":"(anonymous_1)","decl":{"start":{"line":18,"column":11},"end":{"line":18,"column":12}},"loc":{"start":{"line":18,"column":19},"end":{"line":21,"column":3}},"line":18},"2":{"name":"(anonymous_2)","decl":{"start":{"line":23,"column":24},"end":{"line":23,"column":25}},"loc":{"start":{"line":23,"column":37},"end":{"line":27,"column":1}},"line":23}},"branchMap":{"0":{"loc":{"start":{"line":16,"column":11},"end":{"line":16,"column":89}},"type":"binary-expr","locations":[{"start":{"line":16,"column":12},"end":{"line":16,"column":35}},{"start":{"line":16,"column":41},"end":{"line":16,"column":58}},{"start":{"line":16,"column":64},"end":{"line":16,"column":88}}],"line":16},"1":{"loc":{"start":{"line":24,"column":2},"end":{"line":26,"column":3}},"type":"if","locations":[{"start":{"line":24,"column":2},"end":{"line":26,"column":3}},{"start":{"line":24,"column":2},"end":{"line":26,"column":3}}],"line":24}},"s":{"0":2,"1":2,"2":2,"3":2,"4":2,"5":2,"6":2,"7":2,"8":12,"9":10,"10":10,"11":2,"12":10,"13":10,"14":2,"15":2,"16":2},"f":{"0":12,"1":10,"2":10},"b":{"0":[12,12,10],"1":[10,0]},"_coverageSchema":"1a1c01bbd47fc00a2c39e90264f33305004495a9","hash":"dba7fccc25ce3554284836fba121b506c1e3d6af"}
,"/home/carlos/Documentos/projetoMae/backend/src/config/database.js": {"path":"/home/carlos/Documentos/projetoMae/backend/src/config/database.js","statementMap":{"0":{"start":{"line":1,"column":0},"end":{"line":3,"column":3}},"1":{"start":{"line":5,"column":0},"end":{"line":17,"column":2}}},"fnMap":{},"branchMap":{"0":{"loc":{"start":{"line":2,"column":8},"end":{"line":2,"column":58}},"type":"cond-expr","locations":[{"start":{"line":2,"column":40},"end":{"line":2,"column":51}},{"start":{"line":2,"column":52},"end":{"line":2,"column":58}}],"line":2},"1":{"loc":{"start":{"line":6,"column":12},"end":{"line":6,"column":48}},"type":"binary-expr","locations":[{"start":{"line":6,"column":12},"end":{"line":6,"column":34}},{"start":{"line":6,"column":38},"end":{"line":6,"column":48}}],"line":6}},"s":{"0":2,"1":2},"f":{},"b":{"0":[2,0],"1":[2,0]},"_coverageSchema":"1a1c01bbd47fc00a2c39e90264f33305004495a9","hash":"5b68ca1e28b8f93b18da6a486a9ee22744627d04"}
,"/home/carlos/Documentos/projetoMae/backend/src/config/upload.js": {"path":"/home/carlos/Documentos/projetoMae/backend/src/config/upload.js","statementMap":{"0":{"start":{"line":1,"column":15},"end":{"line":1,"column":32}},"1":{"start":{"line":2,"column":13},"end":{"line":2,"column":28}},"2":{"start":{"line":4,"column":0},"end":{"line":15,"column":2}},"3":{"start":{"line":8,"column":24},"end":{"line":8,"column":55}},"4":{"start":{"line":9,"column":24},"end":{"line":9,"column":60}},"5":{"start":{"line":11,"column":12},"end":{"line":11,"column":52}}},"fnMap":{"0":{"name":"(anonymous_0)","decl":{"start":{"line":7,"column":17},"end":{"line":7,"column":18}},"loc":{"start":{"line":7,"column":32},"end":{"line":12,"column":9}},"line":7}},"branchMap":{},"s":{"0":1,"1":1,"2":1,"3":1,"4":1,"5":1},"f":{"0":1},"b":{},"_coverageSchema":"1a1c01bbd47fc00a2c39e90264f33305004495a9","hash":"4c05bd45c1ad8f6c56ca1f2a89e9c089315c1c48"}
}
