{"/home/carlos/Documentos/projetoMae/backend/src/app/app.js": {"path":"/home/carlos/Documentos/projetoMae/backend/src/app/app.js","statementMap":{"0":{"start":{"line":1,"column":0},"end":{"line":3,"column":3}},"1":{"start":{"line":4,"column":16},"end":{"line":4,"column":34}},"2":{"start":{"line":5,"column":15},"end":{"line":5,"column":34}},"3":{"start":{"line":8,"column":12},"end":{"line":8,"column":21}},"4":{"start":{"line":10,"column":0},"end":{"line":10,"column":24}},"5":{"start":{"line":11,"column":0},"end":{"line":11,"column":16}},"6":{"start":{"line":13,"column":0},"end":{"line":13,"column":21}}},"fnMap":{},"branchMap":{"0":{"loc":{"start":{"line":2,"column":10},"end":{"line":2,"column":60}},"type":"cond-expr","locations":[{"start":{"line":2,"column":42},"end":{"line":2,"column":53}},{"start":{"line":2,"column":54},"end":{"line":2,"column":60}}],"line":2}},"s":{"0":1,"1":1,"2":1,"3":1,"4":1,"5":1,"6":1},"f":{},"b":{"0":[1,0]},"_coverageSchema":"1a1c01bbd47fc00a2c39e90264f33305004495a9","hash":"e24942cdf324ea4f9bfbfe69d7ac6be74ae7aeac"}
,"/home/carlos/Documentos/projetoMae/backend/src/app/routes.js": {"path":"/home/carlos/Documentos/projetoMae/backend/src/app/routes.js","statementMap":{"0":{"start":{"line":1,"column":16},"end":{"line":1,"column":34}},"1":{"start":{"line":2,"column":15},"end":{"line":2,"column":31}},"2":{"start":{"line":4,"column":26},"end":{"line":4,"column":68}},"3":{"start":{"line":5,"column":33},"end":{"line":5,"column":82}},"4":{"start":{"line":6,"column":31},"end":{"line":6,"column":78}},"5":{"start":{"line":8,"column":0},"end":{"line":8,"column":49}},"6":{"start":{"line":9,"column":0},"end":{"line":9,"column":49}},"7":{"start":{"line":10,"column":0},"end":{"line":10,"column":61}},"8":{"start":{"line":12,"column":0},"end":{"line":12,"column":76}},"9":{"start":{"line":13,"column":0},"end":{"line":13,"column":77}},"10":{"start":{"line":14,"column":0},"end":{"line":14,"column":88}},"11":{"start":{"line":16,"column":0},"end":{"line":16,"column":91}},"12":{"start":{"line":17,"column":0},"end":{"line":17,"column":91}},"13":{"start":{"line":18,"column":0},"end":{"line":18,"column":100}},"14":{"start":{"line":20,"column":0},"end":{"line":22,"column":3}},"15":{"start":{"line":21,"column":4},"end":{"line":21,"column":44}},"16":{"start":{"line":24,"column":0},"end":{"line":24,"column":24}}},"fnMap":{"0":{"name":"(anonymous_0)","decl":{"start":{"line":20,"column":15},"end":{"line":20,"column":16}},"loc":{"start":{"line":20,"column":26},"end":{"line":22,"column":1}},"line":20}},"branchMap":{},"s":{"0":1,"1":1,"2":1,"3":1,"4":1,"5":1,"6":1,"7":1,"8":1,"9":1,"10":1,"11":1,"12":1,"13":1,"14":1,"15":0,"16":1},"f":{"0":0},"b":{},"_coverageSchema":"1a1c01bbd47fc00a2c39e90264f33305004495a9","hash":"87a16c890a6aae14f96bc1d4606699fd91cc7a46"}
,"/home/carlos/Documentos/projetoMae/backend/src/app/controllers/ProductController.js": {"path":"/home/carlos/Documentos/projetoMae/backend/src/app/controllers/ProductController.js","statementMap":{"0":{"start":{"line":1,"column":34},"end":{"line":1,"column":54}},"1":{"start":{"line":3,"column":0},"end":{"line":47,"column":2}},"2":{"start":{"line":7,"column":25},"end":{"line":7,"column":48}},"3":{"start":{"line":9,"column":8},"end":{"line":9,"column":33}},"4":{"start":{"line":13,"column":29},"end":{"line":13,"column":39}},"5":{"start":{"line":14,"column":24},"end":{"line":14,"column":58}},"6":{"start":{"line":16,"column":8},"end":{"line":16,"column":34}},"7":{"start":{"line":20,"column":35},"end":{"line":20,"column":43}},"8":{"start":{"line":21,"column":24},"end":{"line":24,"column":10}},"9":{"start":{"line":26,"column":8},"end":{"line":26,"column":33}},"10":{"start":{"line":30,"column":29},"end":{"line":30,"column":39}},"11":{"start":{"line":31,"column":35},"end":{"line":31,"column":43}},"12":{"start":{"line":33,"column":8},"end":{"line":40,"column":11}},"13":{"start":{"line":42,"column":24},"end":{"line":42,"column":58}},"14":{"start":{"line":44,"column":8},"end":{"line":44,"column":33}}},"fnMap":{"0":{"name":"(anonymous_0)","decl":{"start":{"line":6,"column":4},"end":{"line":6,"column":5}},"loc":{"start":{"line":6,"column":24},"end":{"line":10,"column":5}},"line":6},"1":{"name":"(anonymous_1)","decl":{"start":{"line":12,"column":4},"end":{"line":12,"column":5}},"loc":{"start":{"line":12,"column":23},"end":{"line":17,"column":5}},"line":12},"2":{"name":"(anonymous_2)","decl":{"start":{"line":19,"column":4},"end":{"line":19,"column":5}},"loc":{"start":{"line":19,"column":24},"end":{"line":27,"column":5}},"line":19},"3":{"name":"(anonymous_3)","decl":{"start":{"line":29,"column":4},"end":{"line":29,"column":5}},"loc":{"start":{"line":29,"column":25},"end":{"line":45,"column":5}},"line":29}},"branchMap":{},"s":{"0":1,"1":1,"2":1,"3":1,"4":0,"5":0,"6":0,"7":1,"8":1,"9":1,"10":1,"11":1,"12":1,"13":1,"14":1},"f":{"0":1,"1":0,"2":1,"3":1},"b":{},"_coverageSchema":"1a1c01bbd47fc00a2c39e90264f33305004495a9","hash":"4f12a3f800266d31b7ef1692ee161aca48e23a43"}
,"/home/carlos/Documentos/projetoMae/backend/src/app/controllers/SizeQuantityController.js": {"path":"/home/carlos/Documentos/projetoMae/backend/src/app/controllers/SizeQuantityController.js","statementMap":{"0":{"start":{"line":1,"column":23},"end":{"line":1,"column":43}},"1":{"start":{"line":3,"column":0},"end":{"line":48,"column":2}},"2":{"start":{"line":6,"column":29},"end":{"line":6,"column":39}},"3":{"start":{"line":8,"column":20},"end":{"line":12,"column":10}},"4":{"start":{"line":14,"column":8},"end":{"line":14,"column":31}},"5":{"start":{"line":18,"column":32},"end":{"line":18,"column":40}},"6":{"start":{"line":19,"column":29},"end":{"line":19,"column":39}},"7":{"start":{"line":20,"column":24},"end":{"line":24,"column":10}},"8":{"start":{"line":26,"column":8},"end":{"line":26,"column":33}},"9":{"start":{"line":30,"column":26},"end":{"line":30,"column":36}},"10":{"start":{"line":31,"column":32},"end":{"line":31,"column":40}},"11":{"start":{"line":33,"column":8},"end":{"line":40,"column":11}},"12":{"start":{"line":42,"column":29},"end":{"line":42,"column":65}},"13":{"start":{"line":44,"column":8},"end":{"line":44,"column":38}}},"fnMap":{"0":{"name":"(anonymous_0)","decl":{"start":{"line":5,"column":4},"end":{"line":5,"column":5}},"loc":{"start":{"line":5,"column":24},"end":{"line":15,"column":5}},"line":5},"1":{"name":"(anonymous_1)","decl":{"start":{"line":17,"column":4},"end":{"line":17,"column":5}},"loc":{"start":{"line":17,"column":24},"end":{"line":27,"column":5}},"line":17},"2":{"name":"(anonymous_2)","decl":{"start":{"line":29,"column":4},"end":{"line":29,"column":5}},"loc":{"start":{"line":29,"column":25},"end":{"line":45,"column":5}},"line":29}},"branchMap":{},"s":{"0":1,"1":1,"2":2,"3":2,"4":2,"5":1,"6":1,"7":1,"8":1,"9":1,"10":1,"11":1,"12":1,"13":1},"f":{"0":2,"1":1,"2":1},"b":{},"_coverageSchema":"1a1c01bbd47fc00a2c39e90264f33305004495a9","hash":"21df47c99a97f84f0903ef9045b61a02ae891c5c"}
,"/home/carlos/Documentos/projetoMae/backend/src/app/controllers/VarietyProductController.js": {"path":"/home/carlos/Documentos/projetoMae/backend/src/app/controllers/VarietyProductController.js","statementMap":{"0":{"start":{"line":1,"column":25},"end":{"line":1,"column":45}},"1":{"start":{"line":3,"column":0},"end":{"line":51,"column":2}},"2":{"start":{"line":6,"column":29},"end":{"line":6,"column":39}},"3":{"start":{"line":8,"column":22},"end":{"line":12,"column":10}},"4":{"start":{"line":14,"column":8},"end":{"line":14,"column":33}},"5":{"start":{"line":18,"column":49},"end":{"line":18,"column":57}},"6":{"start":{"line":19,"column":29},"end":{"line":19,"column":39}},"7":{"start":{"line":20,"column":24},"end":{"line":26,"column":10}},"8":{"start":{"line":28,"column":8},"end":{"line":28,"column":33}},"9":{"start":{"line":32,"column":29},"end":{"line":32,"column":39}},"10":{"start":{"line":33,"column":49},"end":{"line":33,"column":57}},"11":{"start":{"line":35,"column":8},"end":{"line":44,"column":11}},"12":{"start":{"line":46,"column":24},"end":{"line":46,"column":65}},"13":{"start":{"line":48,"column":8},"end":{"line":48,"column":33}}},"fnMap":{"0":{"name":"(anonymous_0)","decl":{"start":{"line":5,"column":4},"end":{"line":5,"column":5}},"loc":{"start":{"line":5,"column":24},"end":{"line":15,"column":5}},"line":5},"1":{"name":"(anonymous_1)","decl":{"start":{"line":17,"column":4},"end":{"line":17,"column":5}},"loc":{"start":{"line":17,"column":24},"end":{"line":29,"column":5}},"line":17},"2":{"name":"(anonymous_2)","decl":{"start":{"line":31,"column":4},"end":{"line":31,"column":5}},"loc":{"start":{"line":31,"column":25},"end":{"line":49,"column":5}},"line":31}},"branchMap":{},"s":{"0":1,"1":1,"2":1,"3":1,"4":1,"5":1,"6":1,"7":1,"8":1,"9":1,"10":1,"11":1,"12":1,"13":1},"f":{"0":1,"1":1,"2":1},"b":{},"_coverageSchema":"1a1c01bbd47fc00a2c39e90264f33305004495a9","hash":"dbadf4c7294d3260aa0fbf9365ff0e13128c4de3"}
,"/home/carlos/Documentos/projetoMae/backend/src/app/models/Product.js": {"path":"/home/carlos/Documentos/projetoMae/backend/src/app/models/Product.js","statementMap":{"0":{"start":{"line":1,"column":0},"end":{"line":9,"column":2}},"1":{"start":{"line":3,"column":20},"end":{"line":6,"column":6}},"2":{"start":{"line":8,"column":4},"end":{"line":8,"column":19}}},"fnMap":{"0":{"name":"(anonymous_0)","decl":{"start":{"line":1,"column":16},"end":{"line":1,"column":17}},"loc":{"start":{"line":1,"column":39},"end":{"line":9,"column":1}},"line":1}},"branchMap":{},"s":{"0":2,"1":2,"2":2},"f":{"0":2},"b":{},"_coverageSchema":"1a1c01bbd47fc00a2c39e90264f33305004495a9","hash":"8e5989411ddad382baad6d2283767efe1445e5b4"}
,"/home/carlos/Documentos/projetoMae/backend/src/app/models/SizeQuantity.js": {"path":"/home/carlos/Documentos/projetoMae/backend/src/app/models/SizeQuantity.js","statementMap":{"0":{"start":{"line":1,"column":0},"end":{"line":9,"column":2}},"1":{"start":{"line":2,"column":20},"end":{"line":6,"column":6}},"2":{"start":{"line":8,"column":4},"end":{"line":8,"column":19}}},"fnMap":{"0":{"name":"(anonymous_0)","decl":{"start":{"line":1,"column":17},"end":{"line":1,"column":18}},"loc":{"start":{"line":1,"column":42},"end":{"line":9,"column":1}},"line":1}},"branchMap":{},"s":{"0":2,"1":2,"2":2},"f":{"0":2},"b":{},"_coverageSchema":"1a1c01bbd47fc00a2c39e90264f33305004495a9","hash":"4ba846255830ee1aa93df959dd0c587a3aee597c"}
,"/home/carlos/Documentos/projetoMae/backend/src/app/models/VarietyProduct.js": {"path":"/home/carlos/Documentos/projetoMae/backend/src/app/models/VarietyProduct.js","statementMap":{"0":{"start":{"line":1,"column":0},"end":{"line":13,"column":2}},"1":{"start":{"line":3,"column":20},"end":{"line":10,"column":6}},"2":{"start":{"line":12,"column":4},"end":{"line":12,"column":19}}},"fnMap":{"0":{"name":"(anonymous_0)","decl":{"start":{"line":1,"column":16},"end":{"line":1,"column":17}},"loc":{"start":{"line":1,"column":39},"end":{"line":13,"column":1}},"line":1}},"branchMap":{},"s":{"0":2,"1":2,"2":2},"f":{"0":2},"b":{},"_coverageSchema":"1a1c01bbd47fc00a2c39e90264f33305004495a9","hash":"8d2c48b462c35c8783e5ec1f2796d9d6bacbd4fe"}
,"/home/carlos/Documentos/projetoMae/backend/src/app/models/index.js": {"path":"/home/carlos/Documentos/projetoMae/backend/src/app/models/index.js","statementMap":{"0":{"start":{"line":3,"column":11},"end":{"line":3,"column":24}},"1":{"start":{"line":4,"column":13},"end":{"line":4,"column":28}},"2":{"start":{"line":5,"column":18},"end":{"line":5,"column":38}},"3":{"start":{"line":6,"column":17},"end":{"line":6,"column":42}},"4":{"start":{"line":7,"column":15},"end":{"line":7,"column":47}},"5":{"start":{"line":8,"column":11},"end":{"line":8,"column":13}},"6":{"start":{"line":11,"column":20},"end":{"line":11,"column":92}},"7":{"start":{"line":13,"column":0},"end":{"line":21,"column":5}},"8":{"start":{"line":16,"column":4},"end":{"line":16,"column":90}},"9":{"start":{"line":19,"column":18},"end":{"line":19,"column":65}},"10":{"start":{"line":20,"column":4},"end":{"line":20,"column":27}},"11":{"start":{"line":23,"column":0},"end":{"line":27,"column":3}},"12":{"start":{"line":24,"column":2},"end":{"line":26,"column":3}},"13":{"start":{"line":25,"column":4},"end":{"line":25,"column":32}},"14":{"start":{"line":29,"column":0},"end":{"line":29,"column":25}},"15":{"start":{"line":30,"column":0},"end":{"line":30,"column":25}},"16":{"start":{"line":32,"column":0},"end":{"line":32,"column":20}}},"fnMap":{"0":{"name":"(anonymous_0)","decl":{"start":{"line":15,"column":10},"end":{"line":15,"column":11}},"loc":{"start":{"line":15,"column":18},"end":{"line":17,"column":3}},"line":15},"1":{"name":"(anonymous_1)","decl":{"start":{"line":18,"column":11},"end":{"line":18,"column":12}},"loc":{"start":{"line":18,"column":19},"end":{"line":21,"column":3}},"line":18},"2":{"name":"(anonymous_2)","decl":{"start":{"line":23,"column":24},"end":{"line":23,"column":25}},"loc":{"start":{"line":23,"column":37},"end":{"line":27,"column":1}},"line":23}},"branchMap":{"0":{"loc":{"start":{"line":16,"column":11},"end":{"line":16,"column":89}},"type":"binary-expr","locations":[{"start":{"line":16,"column":12},"end":{"line":16,"column":35}},{"start":{"line":16,"column":41},"end":{"line":16,"column":58}},{"start":{"line":16,"column":64},"end":{"line":16,"column":88}}],"line":16},"1":{"loc":{"start":{"line":24,"column":2},"end":{"line":26,"column":3}},"type":"if","locations":[{"start":{"line":24,"column":2},"end":{"line":26,"column":3}},{"start":{"line":24,"column":2},"end":{"line":26,"column":3}}],"line":24}},"s":{"0":2,"1":2,"2":2,"3":2,"4":2,"5":2,"6":2,"7":2,"8":8,"9":6,"10":6,"11":2,"12":6,"13":0,"14":2,"15":2,"16":2},"f":{"0":8,"1":6,"2":6},"b":{"0":[8,8,6],"1":[0,6]},"_coverageSchema":"1a1c01bbd47fc00a2c39e90264f33305004495a9","hash":"dba7fccc25ce3554284836fba121b506c1e3d6af"}
,"/home/carlos/Documentos/projetoMae/backend/src/config/database.js": {"path":"/home/carlos/Documentos/projetoMae/backend/src/config/database.js","statementMap":{"0":{"start":{"line":1,"column":0},"end":{"line":3,"column":3}},"1":{"start":{"line":5,"column":0},"end":{"line":17,"column":2}}},"fnMap":{},"branchMap":{"0":{"loc":{"start":{"line":2,"column":8},"end":{"line":2,"column":58}},"type":"cond-expr","locations":[{"start":{"line":2,"column":40},"end":{"line":2,"column":51}},{"start":{"line":2,"column":52},"end":{"line":2,"column":58}}],"line":2},"1":{"loc":{"start":{"line":6,"column":12},"end":{"line":6,"column":48}},"type":"binary-expr","locations":[{"start":{"line":6,"column":12},"end":{"line":6,"column":34}},{"start":{"line":6,"column":38},"end":{"line":6,"column":48}}],"line":6}},"s":{"0":2,"1":2},"f":{},"b":{"0":[2,0],"1":[2,0]},"_coverageSchema":"1a1c01bbd47fc00a2c39e90264f33305004495a9","hash":"5b68ca1e28b8f93b18da6a486a9ee22744627d04"}
}
